<?xml version="1.0" encoding="UTF-8"?>
<testng-results ignored="0" total="1" passed="1" failed="0" skipped="0">
  <reporter-output>
  </reporter-output>
  <suite started-at="2023-10-15T19:13:19 CDT" name="Default suite" finished-at="2023-10-15T19:13:31 CDT" duration-ms="11519">
    <groups>
    </groups>
    <test started-at="2023-10-15T19:13:19 CDT" name="Default test" finished-at="2023-10-15T19:13:31 CDT" duration-ms="11519">
      <class name="test.AddCustomertTest">
        <test-method signature="userShouldBeAbleToAddCustomer()[pri:0, instance:test.AddCustomertTest@47e2e487]" started-at="2023-10-15T19:13:19 CDT" name="userShouldBeAbleToAddCustomer" finished-at="2023-10-15T19:13:31 CDT" duration-ms="11428" status="PASS">
          <reporter-output>
          </reporter-output>
        </test-method> <!-- userShouldBeAbleToAddCustomer -->
      </class> <!-- test.AddCustomertTest -->
    </test> <!-- Default test -->
  </suite> <!-- Default suite -->
</testng-results>
